mvn.cmd : WARNING: A 
restricted method in 
java.lang.System has 
been called
At line:1 char:1
+ & "d:\untitled\mave
n\apache-maven-3.9.6\
bin\mvn.cmd" 
spring-boot:run  ...
+ ~~~~~~~~~~~~~~~~~~~
~~~~~~~~~~~~~~~~~~~~~
~~~~~~~~~~~~~~~~~~~~~
~~~~~~~~
    + CategoryInfo   
           : NotSpe  
  cified: (WARNING   
 : A rest...has b    
een called:Strin    
g) [], RemoteExc    
eption
    + FullyQualified 
   ErrorId : Native  
  CommandError
 
WARNING: java.lang.Sy
stem::load has been 
called by org.fusesou
rce.jansi.internal.Ja
nsiLoader in an 
unnamed module (file:
/D:/untitled/maven/ap
ache-maven-3.9.6/lib/
jansi-2.4.0.jar)
WARNING: Use --enable
-native-access=ALL-UN
NAMED to avoid a 
warning for callers 
in this module
WARNING: Restricted 
methods will be 
blocked in a future 
release unless 
native access is 
enabled

WARNING: A 
terminally 
deprecated method in 
sun.misc.Unsafe has 
been called
WARNING: sun.misc.Uns
afe::objectFieldOffse
t has been called by 
com.google.common.uti
l.concurrent.Abstract
Future$UnsafeAtomicHe
lper (file:/D:/untitl
ed/maven/apache-maven
-3.9.6/lib/guava-32.0
.1-jre.jar)
WARNING: Please 
consider reporting 
this to the 
maintainers of class 
com.google.common.uti
l.concurrent.Abstract
Future$UnsafeAtomicHe
lper
WARNING: sun.misc.Uns
afe::objectFieldOffse
t will be removed in 
a future release
[INFO] Scanning for projects...
[INFO] 
[INFO] ---------------------< com.bookverse:backend-java >---------------------
[INFO] Building bookverse-backend 0.0.1-SNAPSHOT
[INFO]   from pom.xml
[INFO] --------------------------------[ jar ]---------------------------------
[INFO] 
[INFO] >>> spring-boot:3.4.2:run (default-cli) > test-compile @ backend-java >>>
[INFO] 
[INFO] --- resources:3.3.1:resources (default-resources) @ backend-java ---
[INFO] Copying 1 resource from src\main\resources to target\classes
[INFO] Copying 0 resource from src\main\resources to target\classes
[INFO] 
[INFO] --- compiler:3.13.0:compile (default-compile) @ backend-java ---
[INFO] Recompiling the module because of changed source code.
[INFO] Compiling 24 source files with javac [debug parameters release 21] to target\classes
[INFO] -------------------------------------------------------------
[ERROR] COMPILATION ERROR : 
[INFO] -------------------------------------------------------------
[ERROR] /D:/untitled/backend-java/src/main/java/com/bookverse/controller/AuthController.java:[36,69] cannot find symbol
  symbol:   method getEmail()
  location: variable loginRequest of type com.bookverse.dto.AuthDto.LoginRequest
[ERROR] /D:/untitled/backend-java/src/main/java/com/bookverse/controller/AuthController.java:[36,94] cannot find symbol
  symbol:   method getPassword()
  location: variable loginRequest of type com.bookverse.dto.AuthDto.LoginRequest
[ERROR] /D:/untitled/backend-java/src/main/java/com/bookverse/controller/AuthController.java:[41,60] cannot find symbol
  symbol:   method getEmail()
  location: variable loginRequest of type com.bookverse.dto.AuthDto.LoginRequest
[ERROR] /D:/untitled/backend-java/src/main/java/com/bookverse/controller/AuthController.java:[43,38] cannot find symbol
  symbol:   method getId()
  location: variable user of type com.bookverse.entity.User
[ERROR] /D:/untitled/backend-java/src/main/java/com/bookverse/controller/AuthController.java:[43,52] cannot find symbol
  symbol:   method getName()
  location: variable user of type com.bookverse.entity.User
[ERROR] /D:/untitled/backend-java/src/main/java/com/bookverse/controller/AuthController.java:[43,68] cannot find symbol
  symbol:   method getEmail()
  location: variable user of type com.bookverse.entity.User
[ERROR] /D:/untitled/backend-java/src/main/java/com/bookverse/controller/AuthController.java:[43,85] cannot find symbol
  symbol:   method getRole()
  location: variable user of type com.bookverse.entity.User
[ERROR] /D:/untitled/backend-java/src/main/java/com/bookverse/controller/AuthController.java:[48,53] cannot find symbol
  symbol:   method getEmail()
  location: variable signUpRequest of type com.bookverse.dto.AuthDto.RegisterRequest
[ERROR] /D:/untitled/backend-java/src/main/java/com/bookverse/controller/AuthController.java:[53,35] cannot find symbol
  symbol:   method getName()
  location: variable signUpRequest of type com.bookverse.dto.AuthDto.RegisterRequest
[ERROR] /D:/untitled/backend-java/src/main/java/com/bookverse/controller/AuthController.java:[54,36] cannot find symbol
  symbol:   method getEmail()
  location: variable signUpRequest of type com.bookverse.dto.AuthDto.RegisterRequest
[ERROR] /D:/untitled/backend-java/src/main/java/com/bookverse/controller/AuthController.java:[55,54] cannot find symbol
  symbol:   method getPassword()
  location: variable signUpRequest of type com.bookverse.dto.AuthDto.RegisterRequest
[ERROR] /D:/untitled/backend-java/src/main/java/com/bookverse/controller/AuthController.java:[56,36] cannot find symbol
  symbol:   method getPhone()
  location: variable signUpRequest of type com.bookverse.dto.AuthDto.RegisterRequest
[ERROR] /D:/untitled/backend-java/src/main/java/com/bookverse/controller/BookController.java:[39,34] cannot find symbol
  symbol:   method getTitle()
  location: variable bookDetails of type com.bookverse.entity.Book
[ERROR] /D:/untitled/backend-java/src/main/java/com/bookverse/controller/BookController.java:[40,35] cannot find symbol
  symbol:   method getAuthor()
  location: variable bookDetails of type com.bookverse.entity.Book
[ERROR] /D:/untitled/backend-java/src/main/java/com/bookverse/controller/BookController.java:[41,34] cannot find symbol
  symbol:   method getPrice()
  location: variable bookDetails of type com.bookverse.entity.Book
[ERROR] /D:/untitled/backend-java/src/main/java/com/bookverse/controller/BookController.java:[42,34] cannot find symbol
  symbol:   method getStock()
  location: variable bookDetails of type com.bookverse.entity.Book
[ERROR] /D:/untitled/backend-java/src/main/java/com/bookverse/controller/BookController.java:[43,40] cannot find symbol
  symbol:   method getDescription()
  location: variable bookDetails of type com.bookverse.entity.Book
[ERROR] /D:/untitled/backend-java/src/main/java/com/bookverse/controller/BookController.java:[44,37] cannot find symbol
  symbol:   method getImageUrl()
  location: variable bookDetails of type com.bookverse.entity.Book
[ERROR] /D:/untitled/backend-java/src/main/java/com/bookverse/controller/BookController.java:[45,37] cannot find symbol
  symbol:   method getCategory()
  location: variable bookDetails of type com.bookverse.entity.Book
[ERROR] /D:/untitled/backend-java/src/main/java/com/bookverse/controller/CartController.java:[43,61] cannot find symbol
  symbol:   method getBookId()
  location: variable request of type com.bookverse.dto.OrderDto.CartRequest
[ERROR] /D:/untitled/backend-java/src/main/java/com/bookverse/controller/CartController.java:[46,74] cannot find symbol
  symbol:   method getQuantity()
  location: variable request of type com.bookverse.dto.OrderDto.CartRequest
[ERROR] /D:/untitled/backend-java/src/main/java/com/bookverse/controller/CartController.java:[51,33] cannot find symbol
  symbol:   method setUser(com.bookverse.entity.User)
  location: variable item of type com.bookverse.entity.CartItem
[ERROR] /D:/untitled/backend-java/src/main/java/com/bookverse/controller/CartController.java:[52,73] cannot find symbol
  symbol:   method getBookId()
  location: variable request of type com.bookverse.dto.OrderDto.CartRequest
[ERROR] /D:/untitled/backend-java/src/main/java/com/bookverse/controller/CartController.java:[53,53] cannot find symbol
  symbol:   method getQuantity()
  location: variable request of type com.bookverse.dto.OrderDto.CartRequest
[ERROR] /D:/untitled/backend-java/src/main/java/com/bookverse/controller/OrderController.java:[47,14] cannot find symbol
  symbol:   method setUser(com.bookverse.entity.User)
  location: variable order of type com.bookverse.entity.Order
[ERROR] /D:/untitled/backend-java/src/main/java/com/bookverse/controller/OrderController.java:[48,37] cannot find symbol
  symbol:   method getTotalAmount()
  location: variable request of type com.bookverse.dto.OrderDto.OrderRequest
[ERROR] /D:/untitled/backend-java/src/main/java/com/bookverse/controller/OrderController.java:[49,39] cannot find symbol
  symbol:   method getPaymentMethod()
  location: variable request of type com.bookverse.dto.OrderDto.OrderRequest
[ERROR] /D:/untitled/backend-java/src/main/java/com/bookverse/controller/OrderController.java:[51,40] cannot find symbol
  symbol:   method getItems()
  location: variable request of type com.bookverse.dto.OrderDto.OrderRequest
[ERROR] /D:/untitled/backend-java/src/main/java/com/bookverse/controller/OrderController.java:[53,17] cannot find symbol
  symbol:   method setOrder(com.bookverse.entity.Order)
  location: variable item of type com.bookverse.entity.OrderItem
[ERROR] /D:/untitled/backend-java/src/main/java/com/bookverse/controller/OrderController.java:[60,14] cannot find symbol
  symbol:   method setItems(java.util.List<com.bookverse.entity.OrderItem>)
  location: variable order of type com.bookverse.entity.Order
[ERROR] /D:/untitled/backend-java/src/main/java/com/bookverse/controller/OrderController.java:[69,32] cannot find symbol
  symbol:   method getRole()
  location: variable user of type com.bookverse.entity.User
[ERROR] /D:/untitled/backend-java/src/main/java/com/bookverse/security/UserDetailsServiceImpl.java:[26,21] cannot find symbol
  symbol:   method getEmail()
  location: variable user of type com.bookverse.entity.User
[ERROR] /D:/untitled/backend-java/src/main/java/com/bookverse/security/UserDetailsServiceImpl.java:[27,21] cannot find symbol
  symbol:   method getPassword()
  location: variable user of type com.bookverse.entity.User
[ERROR] /D:/untitled/backend-java/src/main/java/com/bookverse/security/UserDetailsServiceImpl.java:[28,84] cannot find symbol
  symbol:   method getRole()
  location: variable user of type com.bookverse.entity.User
[INFO] 34 errors 
[INFO] -------------------------------------------------------------
[INFO] ------------------------------------------------------------------------
[INFO] BUILD FAILURE
[INFO] ------------------------------------------------------------------------
[INFO] Total time:  1.978 s
[INFO] Finished at: 2026-02-24T21:59:07+05:30
[INFO] ------------------------------------------------------------------------
[ERROR] Failed to execute goal org.apache.maven.plugins:maven-compiler-plugin:3.13.0:compile (default-compile) on project backend-java: Compilation failure: Compilation failure: 
[ERROR] /D:/untitled/backend-java/src/main/java/com/bookverse/controller/AuthController.java:[36,69] cannot find symbol
[ERROR]   symbol:   method getEmail()
[ERROR]   location: variable loginRequest of type com.bookverse.dto.AuthDto.LoginRequest
[ERROR] /D:/untitled/backend-java/src/main/java/com/bookverse/controller/AuthController.java:[36,94] cannot find symbol
[ERROR]   symbol:   method getPassword()
[ERROR]   location: variable loginRequest of type com.bookverse.dto.AuthDto.LoginRequest
[ERROR] /D:/untitled/backend-java/src/main/java/com/bookverse/controller/AuthController.java:[41,60] cannot find symbol
[ERROR]   symbol:   method getEmail()
[ERROR]   location: variable loginRequest of type com.bookverse.dto.AuthDto.LoginRequest
[ERROR] /D:/untitled/backend-java/src/main/java/com/bookverse/controller/AuthController.java:[43,38] cannot find symbol
[ERROR]   symbol:   method getId()
[ERROR]   location: variable user of type com.bookverse.entity.User
[ERROR] /D:/untitled/backend-java/src/main/java/com/bookverse/controller/AuthController.java:[43,52] cannot find symbol
[ERROR]   symbol:   method getName()
[ERROR]   location: variable user of type com.bookverse.entity.User
[ERROR] /D:/untitled/backend-java/src/main/java/com/bookverse/controller/AuthController.java:[43,68] cannot find symbol
[ERROR]   symbol:   method getEmail()
[ERROR]   location: variable user of type com.bookverse.entity.User
[ERROR] /D:/untitled/backend-java/src/main/java/com/bookverse/controller/AuthController.java:[43,85] cannot find symbol
[ERROR]   symbol:   method getRole()
[ERROR]   location: variable user of type com.bookverse.entity.User
[ERROR] /D:/untitled/backend-java/src/main/java/com/bookverse/controller/AuthController.java:[48,53] cannot find symbol
[ERROR]   symbol:   method getEmail()
[ERROR]   location: variable signUpRequest of type com.bookverse.dto.AuthDto.RegisterRequest
[ERROR] /D:/untitled/backend-java/src/main/java/com/bookverse/controller/AuthController.java:[53,35] cannot find symbol
[ERROR]   symbol:   method getName()
[ERROR]   location: variable signUpRequest of type com.bookverse.dto.AuthDto.RegisterRequest
[ERROR] /D:/untitled/backend-java/src/main/java/com/bookverse/controller/AuthController.java:[54,36] cannot find symbol
[ERROR]   symbol:   method getEmail()
[ERROR]   location: variable signUpRequest of type com.bookverse.dto.AuthDto.RegisterRequest
[ERROR] /D:/untitled/backend-java/src/main/java/com/bookverse/controller/AuthController.java:[55,54] cannot find symbol
[ERROR]   symbol:   method getPassword()
[ERROR]   location: variable signUpRequest of type com.bookverse.dto.AuthDto.RegisterRequest
[ERROR] /D:/untitled/backend-java/src/main/java/com/bookverse/controller/AuthController.java:[56,36] cannot find symbol
[ERROR]   symbol:   method getPhone()
[ERROR]   location: variable signUpRequest of type com.bookverse.dto.AuthDto.RegisterRequest
[ERROR] /D:/untitled/backend-java/src/main/java/com/bookverse/controller/BookController.java:[39,34] cannot find symbol
[ERROR]   symbol:   method getTitle()
[ERROR]   location: variable bookDetails of type com.bookverse.entity.Book
[ERROR] /D:/untitled/backend-java/src/main/java/com/bookverse/controller/BookController.java:[40,35] cannot find symbol
[ERROR]   symbol:   method getAuthor()
[ERROR]   location: variable bookDetails of type com.bookverse.entity.Book
[ERROR] /D:/untitled/backend-java/src/main/java/com/bookverse/controller/BookController.java:[41,34] cannot find symbol
[ERROR]   symbol:   method getPrice()
[ERROR]   location: variable bookDetails of type com.bookverse.entity.Book
[ERROR] /D:/untitled/backend-java/src/main/java/com/bookverse/controller/BookController.java:[42,34] cannot find symbol
[ERROR]   symbol:   method getStock()
[ERROR]   location: variable bookDetails of type com.bookverse.entity.Book
[ERROR] /D:/untitled/backend-java/src/main/java/com/bookverse/controller/BookController.java:[43,40] cannot find symbol
[ERROR]   symbol:   method getDescription()
[ERROR]   location: variable bookDetails of type com.bookverse.entity.Book
[ERROR] /D:/untitled/backend-java/src/main/java/com/bookverse/controller/BookController.java:[44,37] cannot find symbol
[ERROR]   symbol:   method getImageUrl()
[ERROR]   location: variable bookDetails of type com.bookverse.entity.Book
[ERROR] /D:/untitled/backend-java/src/main/java/com/bookverse/controller/BookController.java:[45,37] cannot find symbol
[ERROR]   symbol:   method getCategory()
[ERROR]   location: variable bookDetails of type com.bookverse.entity.Book
[ERROR] /D:/untitled/backend-java/src/main/java/com/bookverse/controller/CartController.java:[43,61] cannot find symbol
[ERROR]   symbol:   method getBookId()
[ERROR]   location: variable request of type com.bookverse.dto.OrderDto.CartRequest
[ERROR] /D:/untitled/backend-java/src/main/java/com/bookverse/controller/CartController.java:[46,74] cannot find symbol
[ERROR]   symbol:   method getQuantity()
[ERROR]   location: variable request of type com.bookverse.dto.OrderDto.CartRequest
[ERROR] /D:/untitled/backend-java/src/main/java/com/bookverse/controller/CartController.java:[51,33] cannot find symbol
[ERROR]   symbol:   method setUser(com.bookverse.entity.User)
[ERROR]   location: variable item of type com.bookverse.entity.CartItem
[ERROR] /D:/untitled/backend-java/src/main/java/com/bookverse/controller/CartController.java:[52,73] cannot find symbol
[ERROR]   symbol:   method getBookId()
[ERROR]   location: variable request of type com.bookverse.dto.OrderDto.CartRequest
[ERROR] /D:/untitled/backend-java/src/main/java/com/bookverse/controller/CartController.java:[53,53] cannot find symbol
[ERROR]   symbol:   method getQuantity()
[ERROR]   location: variable request of type com.bookverse.dto.OrderDto.CartRequest
[ERROR] /D:/untitled/backend-java/src/main/java/com/bookverse/controller/OrderController.java:[47,14] cannot find symbol
[ERROR]   symbol:   method setUser(com.bookverse.entity.User)
[ERROR]   location: variable order of type com.bookverse.entity.Order
[ERROR] /D:/untitled/backend-java/src/main/java/com/bookverse/controller/OrderController.java:[48,37] cannot find symbol
[ERROR]   symbol:   method getTotalAmount()
[ERROR]   location: variable request of type com.bookverse.dto.OrderDto.OrderRequest
[ERROR] /D:/untitled/backend-java/src/main/java/com/bookverse/controller/OrderController.java:[49,39] cannot find symbol
[ERROR]   symbol:   method getPaymentMethod()
[ERROR]   location: variable request of type com.bookverse.dto.OrderDto.OrderRequest
[ERROR] /D:/untitled/backend-java/src/main/java/com/bookverse/controller/OrderController.java:[51,40] cannot find symbol
[ERROR]   symbol:   method getItems()
[ERROR]   location: variable request of type com.bookverse.dto.OrderDto.OrderRequest
[ERROR] /D:/untitled/backend-java/src/main/java/com/bookverse/controller/OrderController.java:[53,17] cannot find symbol
[ERROR]   symbol:   method setOrder(com.bookverse.entity.Order)
[ERROR]   location: variable item of type com.bookverse.entity.OrderItem
[ERROR] /D:/untitled/backend-java/src/main/java/com/bookverse/controller/OrderController.java:[60,14] cannot find symbol
[ERROR]   symbol:   method setItems(java.util.List<com.bookverse.entity.OrderItem>)
[ERROR]   location: variable order of type com.bookverse.entity.Order
[ERROR] /D:/untitled/backend-java/src/main/java/com/bookverse/controller/OrderController.java:[69,32] cannot find symbol
[ERROR]   symbol:   method getRole()
[ERROR]   location: variable user of type com.bookverse.entity.User
[ERROR] /D:/untitled/backend-java/src/main/java/com/bookverse/security/UserDetailsServiceImpl.java:[26,21] cannot find symbol
[ERROR]   symbol:   method getEmail()
[ERROR]   location: variable user of type com.bookverse.entity.User
[ERROR] /D:/untitled/backend-java/src/main/java/com/bookverse/security/UserDetailsServiceImpl.java:[27,21] cannot find symbol
[ERROR]   symbol:   method getPassword()
[ERROR]   location: variable user of type com.bookverse.entity.User
[ERROR] /D:/untitled/backend-java/src/main/java/com/bookverse/security/UserDetailsServiceImpl.java:[28,84] cannot find symbol
[ERROR]   symbol:   method getRole()
[ERROR]   location: variable user of type com.bookverse.entity.User
[ERROR] -> [Help 1]
[ERROR] 
[ERROR] To see the full stack trace of the errors, re-run Maven with the -e switch.
[ERROR] Re-run Maven using the -X switch to enable full debug logging.
[ERROR] 
[ERROR] For more information about the errors and possible solutions, please read the following articles:
[ERROR] [Help 1] http://cwiki.apache.org/confluence/display/MAVEN/MojoFailureException
